<?xml version="1.0" encoding="UTF-8"?>
<!-- Generated by org.testng.reporters.JUnitReportReporter -->
<testsuite hostname="VINYA" failures="0" tests="1" name="elftraining.MahindraTest" time="1.388" errors="1" timestamp="2022-12-09T12:30:52 IST" skipped="0">
  <testcase classname="elftraining.MahindraTest" name="mahindra" time="1.388">
    <error message="session not created: This version of ChromeDriver only supports Chrome version 106
Current browser version is 108.0.5359.96 with binary path C:\Program Files (x86)\Google\Chrome\Application\chrome.exe
Build info: version: &#039;3.7.1&#039;, revision: &#039;8a0099a&#039;, time: &#039;2017-11-06T21:01:39.354Z&#039;
System info: host: &#039;VINYA&#039;, ip: &#039;10.10.60.216&#039;, os.name: &#039;Windows 8.1&#039;, os.arch: &#039;amd64&#039;, os.version: &#039;6.3&#039;, java.version: &#039;17&#039;
Driver info: driver.version: ChromeDriver
remote stacktrace: Backtrace:
	Ordinal0 [0x01111353+2233171]
	Ordinal0 [0x010A8E31+1805873]
	Ordinal0 [0x00FB66FD+812797]
	Ordinal0 [0x00FD8C6D+953453]
	Ordinal0 [0x00FD4200+934400]
	Ordinal0 [0x00FD19C9+924105]
	Ordinal0 [0x0100806C+1146988]
	Ordinal0 [0x01007A6A+1145450]
	Ordinal0 [0x010018A6+1120422]
	Ordinal0 [0x00FDA73D+960317]
	Ordinal0 [0x00FDB71F+964383]
	GetHandleVerifier [0x013BA2C2+2728322]
	GetHandleVerifier [0x013AC184+2670660]
	GetHandleVerifier [0x011A102A+528106]
	GetHandleVerifier [0x0119FE10+523472]
	Ordinal0 [0x010B028C+1835660]
	Ordinal0 [0x010B4758+1853272]
	Ordinal0 [0x010B4845+1853509]
	Ordinal0 [0x010BE7E4+1894372]
	BaseThreadInitThunk [0x75E36A14+36]
	RtlInitializeExceptionChain [0x7777A9FF+143]
	RtlInitializeExceptionChain [0x7777A9CA+90]
" type="org.openqa.selenium.SessionNotCreatedException">
      <![CDATA[org.openqa.selenium.SessionNotCreatedException: session not created: This version of ChromeDriver only supports Chrome version 106
Current browser version is 108.0.5359.96 with binary path C:\Program Files (x86)\Google\Chrome\Application\chrome.exe
Build info: version: '3.7.1', revision: '8a0099a', time: '2017-11-06T21:01:39.354Z'
System info: host: 'VINYA', ip: '10.10.60.216', os.name: 'Windows 8.1', os.arch: 'amd64', os.version: '6.3', java.version: '17'
Driver info: driver.version: ChromeDriver
remote stacktrace: Backtrace:
Ordinal0 [0x01111353+2233171]
Ordinal0 [0x010A8E31+1805873]
Ordinal0 [0x00FB66FD+812797]
Ordinal0 [0x00FD8C6D+953453]
Ordinal0 [0x00FD4200+934400]
Ordinal0 [0x00FD19C9+924105]
Ordinal0 [0x0100806C+1146988]
Ordinal0 [0x01007A6A+1145450]
Ordinal0 [0x010018A6+1120422]
Ordinal0 [0x00FDA73D+960317]
Ordinal0 [0x00FDB71F+964383]
GetHandleVerifier [0x013BA2C2+2728322]
GetHandleVerifier [0x013AC184+2670660]
GetHandleVerifier [0x011A102A+528106]
GetHandleVerifier [0x0119FE10+523472]
Ordinal0 [0x010B028C+1835660]
Ordinal0 [0x010B4758+1853272]
Ordinal0 [0x010B4845+1853509]
Ordinal0 [0x010BE7E4+1894372]
BaseThreadInitThunk [0x75E36A14+36]
RtlInitializeExceptionChain [0x7777A9FF+143]
RtlInitializeExceptionChain [0x7777A9CA+90]

at java.base/jdk.internal.reflect.NativeConstructorAccessorImpl.newInstance0(Native Method)
at java.base/jdk.internal.reflect.NativeConstructorAccessorImpl.newInstance(NativeConstructorAccessorImpl.java:77)
at java.base/jdk.internal.reflect.DelegatingConstructorAccessorImpl.newInstance(DelegatingConstructorAccessorImpl.java:45)
at java.base/java.lang.reflect.Constructor.newInstanceWithCaller(Constructor.java:499)
at java.base/java.lang.reflect.Constructor.newInstance(Constructor.java:480)
at org.openqa.selenium.remote.W3CHandshakeResponse.lambda$new$0(W3CHandshakeResponse.java:57)
at org.openqa.selenium.remote.W3CHandshakeResponse.lambda$getResponseFunction$2(W3CHandshakeResponse.java:104)
at org.openqa.selenium.remote.ProtocolHandshake.lambda$createSession$0(ProtocolHandshake.java:123)
at java.base/java.util.stream.ReferencePipeline$3$1.accept(ReferencePipeline.java:197)
at java.base/java.util.Spliterators$ArraySpliterator.tryAdvance(Spliterators.java:1002)
at java.base/java.util.stream.ReferencePipeline.forEachWithCancel(ReferencePipeline.java:129)
at java.base/java.util.stream.AbstractPipeline.copyIntoWithCancel(AbstractPipeline.java:527)
at java.base/java.util.stream.AbstractPipeline.copyInto(AbstractPipeline.java:513)
at java.base/java.util.stream.AbstractPipeline.wrapAndCopyInto(AbstractPipeline.java:499)
at java.base/java.util.stream.FindOps$FindOp.evaluateSequential(FindOps.java:150)
at java.base/java.util.stream.AbstractPipeline.evaluate(AbstractPipeline.java:234)
at java.base/java.util.stream.ReferencePipeline.findFirst(ReferencePipeline.java:647)
at org.openqa.selenium.remote.ProtocolHandshake.createSession(ProtocolHandshake.java:126)
at org.openqa.selenium.remote.ProtocolHandshake.createSession(ProtocolHandshake.java:73)
at org.openqa.selenium.remote.HttpCommandExecutor.execute(HttpCommandExecutor.java:142)
at org.openqa.selenium.remote.service.DriverCommandExecutor.execute(DriverCommandExecutor.java:83)
at org.openqa.selenium.remote.RemoteWebDriver.execute(RemoteWebDriver.java:600)
at org.openqa.selenium.remote.RemoteWebDriver.startSession(RemoteWebDriver.java:219)
at org.openqa.selenium.remote.RemoteWebDriver.<init>(RemoteWebDriver.java:142)
at org.openqa.selenium.chrome.ChromeDriver.<init>(ChromeDriver.java:181)
at org.openqa.selenium.chrome.ChromeDriver.<init>(ChromeDriver.java:168)
at org.openqa.selenium.chrome.ChromeDriver.<init>(ChromeDriver.java:123)
at elftraining.MahindraTest.mahindra(MahindraTest.java:14)
at java.base/jdk.internal.reflect.NativeMethodAccessorImpl.invoke0(Native Method)
at java.base/jdk.internal.reflect.NativeMethodAccessorImpl.invoke(NativeMethodAccessorImpl.java:77)
at java.base/jdk.internal.reflect.DelegatingMethodAccessorImpl.invoke(DelegatingMethodAccessorImpl.java:43)
at java.base/java.lang.reflect.Method.invoke(Method.java:568)
at org.testng.internal.MethodInvocationHelper.invokeMethod(MethodInvocationHelper.java:134)
at org.testng.internal.TestInvoker.invokeMethod(TestInvoker.java:597)
at org.testng.internal.TestInvoker.invokeTestMethod(TestInvoker.java:173)
at org.testng.internal.MethodRunner.runInSequence(MethodRunner.java:46)
at org.testng.internal.TestInvoker$MethodInvocationAgent.invoke(TestInvoker.java:816)
at org.testng.internal.TestInvoker.invokeTestMethods(TestInvoker.java:146)
at org.testng.internal.TestMethodWorker.invokeTestMethods(TestMethodWorker.java:146)
at org.testng.internal.TestMethodWorker.run(TestMethodWorker.java:128)
at java.base/java.util.ArrayList.forEach(ArrayList.java:1511)
at org.testng.TestRunner.privateRun(TestRunner.java:766)
at org.testng.TestRunner.run(TestRunner.java:587)
at org.testng.SuiteRunner.runTest(SuiteRunner.java:384)
at org.testng.SuiteRunner.runSequentially(SuiteRunner.java:378)
at org.testng.SuiteRunner.privateRun(SuiteRunner.java:337)
at org.testng.SuiteRunner.run(SuiteRunner.java:286)
at org.testng.SuiteRunnerWorker.runSuite(SuiteRunnerWorker.java:53)
at org.testng.SuiteRunnerWorker.run(SuiteRunnerWorker.java:96)
at org.testng.TestNG.runSuitesSequentially(TestNG.java:1187)
at org.testng.TestNG.runSuitesLocally(TestNG.java:1109)
at org.testng.TestNG.runSuites(TestNG.java:1039)
at org.testng.TestNG.run(TestNG.java:1007)
at org.testng.remote.AbstractRemoteTestNG.run(AbstractRemoteTestNG.java:115)
at org.testng.remote.RemoteTestNG.initAndRun(RemoteTestNG.java:251)
at org.testng.remote.RemoteTestNG.main(RemoteTestNG.java:77)
]]>
    </error>
  </testcase> <!-- mahindra -->
  <system-out/>
</testsuite> <!-- elftraining.MahindraTest -->
