<?xml version="1.0" encoding="UTF-8"?>
<!-- Generated by org.testng.reporters.JUnitXMLReporter -->
<testsuite ignored="0" hostname="VINYA" failures="6" tests="6" name="carsTest" time="10.543" errors="0" timestamp="2022-12-09T12:30:52 IST">
  <testcase classname="elftraining.KiaTest" name="kia" time="2.344">
    <failure type="org.openqa.selenium.SessionNotCreatedException" message="session not created: This version of ChromeDriver only supports Chrome version 106
Current browser version is 108.0.5359.96 with binary path C:\Program Files (x86)\Google\Chrome\Application\chrome.exe
Build info: version: &amp;apos;3.7.1&amp;apos;, revision: &amp;apos;8a0099a&amp;apos;, time: &amp;apos;2017-11-06T21:01:39.354Z&amp;apos;
System info: host: &amp;apos;VINYA&amp;apos;, ip: &amp;apos;10.10.60.216&amp;apos;, os.name: &amp;apos;Windows 8.1&amp;apos;, os.arch: &amp;apos;amd64&amp;apos;, os.version: &amp;apos;6.3&amp;apos;, java.version: &amp;apos;17&amp;apos;
Driver info: driver.version: ChromeDriver
remote stacktrace: Backtrace:
	Ordinal0 [0x01111353+2233171]
	Ordinal0 [0x010A8E31+1805873]
	Ordinal0 [0x00FB66FD+812797]
	Ordinal0 [0x00FD8C6D+953453]
	Ordinal0 [0x00FD4200+934400]
	Ordinal0 [0x00FD19C9+924105]
	Ordinal0 [0x0100806C+1146988]
	Ordinal0 [0x01007A6A+1145450]
	Ordinal0 [0x010018A6+1120422]
	Ordinal0 [0x00FDA73D+960317]
	Ordinal0 [0x00FDB71F+964383]
	GetHandleVerifier [0x013BA2C2+2728322]
	GetHandleVerifier [0x013AC184+2670660]
	GetHandleVerifier [0x011A102A+528106]
	GetHandleVerifier [0x0119FE10+523472]
	Ordinal0 [0x010B028C+1835660]
	Ordinal0 [0x010B4758+1853272]
	Ordinal0 [0x010B4845+1853509]
	Ordinal0 [0x010BE7E4+1894372]
	BaseThreadInitThunk [0x75E36A14+36]
	RtlInitializeExceptionChain [0x7777A9FF+143]
	RtlInitializeExceptionChain [0x7777A9CA+90]
">
      <![CDATA[org.openqa.selenium.SessionNotCreatedException: session not created: This version of ChromeDriver only supports Chrome version 106
Current browser version is 108.0.5359.96 with binary path C:\Program Files (x86)\Google\Chrome\Application\chrome.exe
Build info: version: '3.7.1', revision: '8a0099a', time: '2017-11-06T21:01:39.354Z'
System info: host: 'VINYA', ip: '10.10.60.216', os.name: 'Windows 8.1', os.arch: 'amd64', os.version: '6.3', java.version: '17'
Driver info: driver.version: ChromeDriver
remote stacktrace: Backtrace:
Ordinal0 [0x01111353+2233171]
Ordinal0 [0x010A8E31+1805873]
Ordinal0 [0x00FB66FD+812797]
Ordinal0 [0x00FD8C6D+953453]
Ordinal0 [0x00FD4200+934400]
Ordinal0 [0x00FD19C9+924105]
Ordinal0 [0x0100806C+1146988]
Ordinal0 [0x01007A6A+1145450]
Ordinal0 [0x010018A6+1120422]
Ordinal0 [0x00FDA73D+960317]
Ordinal0 [0x00FDB71F+964383]
GetHandleVerifier [0x013BA2C2+2728322]
GetHandleVerifier [0x013AC184+2670660]
GetHandleVerifier [0x011A102A+528106]
GetHandleVerifier [0x0119FE10+523472]
Ordinal0 [0x010B028C+1835660]
Ordinal0 [0x010B4758+1853272]
Ordinal0 [0x010B4845+1853509]
Ordinal0 [0x010BE7E4+1894372]
BaseThreadInitThunk [0x75E36A14+36]
RtlInitializeExceptionChain [0x7777A9FF+143]
RtlInitializeExceptionChain [0x7777A9CA+90]

at org.openqa.selenium.remote.W3CHandshakeResponse.lambda$new$0(W3CHandshakeResponse.java:57)
at org.openqa.selenium.remote.W3CHandshakeResponse.lambda$getResponseFunction$2(W3CHandshakeResponse.java:104)
at org.openqa.selenium.remote.ProtocolHandshake.lambda$createSession$0(ProtocolHandshake.java:123)
at java.base/java.util.stream.ReferencePipeline$3$1.accept(ReferencePipeline.java:197)
at java.base/java.util.Spliterators$ArraySpliterator.tryAdvance(Spliterators.java:1002)
at java.base/java.util.stream.ReferencePipeline.forEachWithCancel(ReferencePipeline.java:129)
at java.base/java.util.stream.AbstractPipeline.copyIntoWithCancel(AbstractPipeline.java:527)
at java.base/java.util.stream.AbstractPipeline.copyInto(AbstractPipeline.java:513)
at java.base/java.util.stream.AbstractPipeline.wrapAndCopyInto(AbstractPipeline.java:499)
at java.base/java.util.stream.FindOps$FindOp.evaluateSequential(FindOps.java:150)
at java.base/java.util.stream.AbstractPipeline.evaluate(AbstractPipeline.java:234)
at java.base/java.util.stream.ReferencePipeline.findFirst(ReferencePipeline.java:647)
at org.openqa.selenium.remote.ProtocolHandshake.createSession(ProtocolHandshake.java:126)
at org.openqa.selenium.remote.ProtocolHandshake.createSession(ProtocolHandshake.java:73)
at org.openqa.selenium.remote.HttpCommandExecutor.execute(HttpCommandExecutor.java:142)
at org.openqa.selenium.remote.service.DriverCommandExecutor.execute(DriverCommandExecutor.java:83)
at org.openqa.selenium.remote.RemoteWebDriver.execute(RemoteWebDriver.java:600)
at org.openqa.selenium.remote.RemoteWebDriver.startSession(RemoteWebDriver.java:219)
at org.openqa.selenium.remote.RemoteWebDriver.<init>(RemoteWebDriver.java:142)
at org.openqa.selenium.chrome.ChromeDriver.<init>(ChromeDriver.java:181)
at org.openqa.selenium.chrome.ChromeDriver.<init>(ChromeDriver.java:168)
at org.openqa.selenium.chrome.ChromeDriver.<init>(ChromeDriver.java:123)
at elftraining.KiaTest.kia(KiaTest.java:14)
at java.base/java.util.ArrayList.forEach(ArrayList.java:1511)
... Removed 32 stack frames]]>
    </failure>
  </testcase> <!-- kia -->
  <testcase classname="elftraining.toyotaTest" name="toyota" time="1.853">
    <failure type="org.openqa.selenium.SessionNotCreatedException" message="session not created: This version of ChromeDriver only supports Chrome version 106
Current browser version is 108.0.5359.96 with binary path C:\Program Files (x86)\Google\Chrome\Application\chrome.exe
Build info: version: &amp;apos;3.7.1&amp;apos;, revision: &amp;apos;8a0099a&amp;apos;, time: &amp;apos;2017-11-06T21:01:39.354Z&amp;apos;
System info: host: &amp;apos;VINYA&amp;apos;, ip: &amp;apos;10.10.60.216&amp;apos;, os.name: &amp;apos;Windows 8.1&amp;apos;, os.arch: &amp;apos;amd64&amp;apos;, os.version: &amp;apos;6.3&amp;apos;, java.version: &amp;apos;17&amp;apos;
Driver info: driver.version: ChromeDriver
remote stacktrace: Backtrace:
	Ordinal0 [0x01111353+2233171]
	Ordinal0 [0x010A8E31+1805873]
	Ordinal0 [0x00FB66FD+812797]
	Ordinal0 [0x00FD8C6D+953453]
	Ordinal0 [0x00FD4200+934400]
	Ordinal0 [0x00FD19C9+924105]
	Ordinal0 [0x0100806C+1146988]
	Ordinal0 [0x01007A6A+1145450]
	Ordinal0 [0x010018A6+1120422]
	Ordinal0 [0x00FDA73D+960317]
	Ordinal0 [0x00FDB71F+964383]
	GetHandleVerifier [0x013BA2C2+2728322]
	GetHandleVerifier [0x013AC184+2670660]
	GetHandleVerifier [0x011A102A+528106]
	GetHandleVerifier [0x0119FE10+523472]
	Ordinal0 [0x010B028C+1835660]
	Ordinal0 [0x010B4758+1853272]
	Ordinal0 [0x010B4845+1853509]
	Ordinal0 [0x010BE7E4+1894372]
	BaseThreadInitThunk [0x75E36A14+36]
	RtlInitializeExceptionChain [0x7777A9FF+143]
	RtlInitializeExceptionChain [0x7777A9CA+90]
">
      <![CDATA[org.openqa.selenium.SessionNotCreatedException: session not created: This version of ChromeDriver only supports Chrome version 106
Current browser version is 108.0.5359.96 with binary path C:\Program Files (x86)\Google\Chrome\Application\chrome.exe
Build info: version: '3.7.1', revision: '8a0099a', time: '2017-11-06T21:01:39.354Z'
System info: host: 'VINYA', ip: '10.10.60.216', os.name: 'Windows 8.1', os.arch: 'amd64', os.version: '6.3', java.version: '17'
Driver info: driver.version: ChromeDriver
remote stacktrace: Backtrace:
Ordinal0 [0x01111353+2233171]
Ordinal0 [0x010A8E31+1805873]
Ordinal0 [0x00FB66FD+812797]
Ordinal0 [0x00FD8C6D+953453]
Ordinal0 [0x00FD4200+934400]
Ordinal0 [0x00FD19C9+924105]
Ordinal0 [0x0100806C+1146988]
Ordinal0 [0x01007A6A+1145450]
Ordinal0 [0x010018A6+1120422]
Ordinal0 [0x00FDA73D+960317]
Ordinal0 [0x00FDB71F+964383]
GetHandleVerifier [0x013BA2C2+2728322]
GetHandleVerifier [0x013AC184+2670660]
GetHandleVerifier [0x011A102A+528106]
GetHandleVerifier [0x0119FE10+523472]
Ordinal0 [0x010B028C+1835660]
Ordinal0 [0x010B4758+1853272]
Ordinal0 [0x010B4845+1853509]
Ordinal0 [0x010BE7E4+1894372]
BaseThreadInitThunk [0x75E36A14+36]
RtlInitializeExceptionChain [0x7777A9FF+143]
RtlInitializeExceptionChain [0x7777A9CA+90]

at org.openqa.selenium.remote.W3CHandshakeResponse.lambda$new$0(W3CHandshakeResponse.java:57)
at org.openqa.selenium.remote.W3CHandshakeResponse.lambda$getResponseFunction$2(W3CHandshakeResponse.java:104)
at org.openqa.selenium.remote.ProtocolHandshake.lambda$createSession$0(ProtocolHandshake.java:123)
at java.base/java.util.stream.ReferencePipeline$3$1.accept(ReferencePipeline.java:197)
at java.base/java.util.Spliterators$ArraySpliterator.tryAdvance(Spliterators.java:1002)
at java.base/java.util.stream.ReferencePipeline.forEachWithCancel(ReferencePipeline.java:129)
at java.base/java.util.stream.AbstractPipeline.copyIntoWithCancel(AbstractPipeline.java:527)
at java.base/java.util.stream.AbstractPipeline.copyInto(AbstractPipeline.java:513)
at java.base/java.util.stream.AbstractPipeline.wrapAndCopyInto(AbstractPipeline.java:499)
at java.base/java.util.stream.FindOps$FindOp.evaluateSequential(FindOps.java:150)
at java.base/java.util.stream.AbstractPipeline.evaluate(AbstractPipeline.java:234)
at java.base/java.util.stream.ReferencePipeline.findFirst(ReferencePipeline.java:647)
at org.openqa.selenium.remote.ProtocolHandshake.createSession(ProtocolHandshake.java:126)
at org.openqa.selenium.remote.ProtocolHandshake.createSession(ProtocolHandshake.java:73)
at org.openqa.selenium.remote.HttpCommandExecutor.execute(HttpCommandExecutor.java:142)
at org.openqa.selenium.remote.service.DriverCommandExecutor.execute(DriverCommandExecutor.java:83)
at org.openqa.selenium.remote.RemoteWebDriver.execute(RemoteWebDriver.java:600)
at org.openqa.selenium.remote.RemoteWebDriver.startSession(RemoteWebDriver.java:219)
at org.openqa.selenium.remote.RemoteWebDriver.<init>(RemoteWebDriver.java:142)
at org.openqa.selenium.chrome.ChromeDriver.<init>(ChromeDriver.java:181)
at org.openqa.selenium.chrome.ChromeDriver.<init>(ChromeDriver.java:168)
at org.openqa.selenium.chrome.ChromeDriver.<init>(ChromeDriver.java:123)
at elftraining.toyotaTest.toyota(toyotaTest.java:14)
at java.base/java.util.ArrayList.forEach(ArrayList.java:1511)
... Removed 32 stack frames]]>
    </failure>
  </testcase> <!-- toyota -->
  <testcase classname="elftraining.HyundaiTest" name="hyundai" time="1.743">
    <failure type="org.openqa.selenium.SessionNotCreatedException" message="session not created: This version of ChromeDriver only supports Chrome version 106
Current browser version is 108.0.5359.96 with binary path C:\Program Files (x86)\Google\Chrome\Application\chrome.exe
Build info: version: &amp;apos;3.7.1&amp;apos;, revision: &amp;apos;8a0099a&amp;apos;, time: &amp;apos;2017-11-06T21:01:39.354Z&amp;apos;
System info: host: &amp;apos;VINYA&amp;apos;, ip: &amp;apos;10.10.60.216&amp;apos;, os.name: &amp;apos;Windows 8.1&amp;apos;, os.arch: &amp;apos;amd64&amp;apos;, os.version: &amp;apos;6.3&amp;apos;, java.version: &amp;apos;17&amp;apos;
Driver info: driver.version: ChromeDriver
remote stacktrace: Backtrace:
	Ordinal0 [0x01111353+2233171]
	Ordinal0 [0x010A8E31+1805873]
	Ordinal0 [0x00FB66FD+812797]
	Ordinal0 [0x00FD8C6D+953453]
	Ordinal0 [0x00FD4200+934400]
	Ordinal0 [0x00FD19C9+924105]
	Ordinal0 [0x0100806C+1146988]
	Ordinal0 [0x01007A6A+1145450]
	Ordinal0 [0x010018A6+1120422]
	Ordinal0 [0x00FDA73D+960317]
	Ordinal0 [0x00FDB71F+964383]
	GetHandleVerifier [0x013BA2C2+2728322]
	GetHandleVerifier [0x013AC184+2670660]
	GetHandleVerifier [0x011A102A+528106]
	GetHandleVerifier [0x0119FE10+523472]
	Ordinal0 [0x010B028C+1835660]
	Ordinal0 [0x010B4758+1853272]
	Ordinal0 [0x010B4845+1853509]
	Ordinal0 [0x010BE7E4+1894372]
	BaseThreadInitThunk [0x75E36A14+36]
	RtlInitializeExceptionChain [0x7777A9FF+143]
	RtlInitializeExceptionChain [0x7777A9CA+90]
">
      <![CDATA[org.openqa.selenium.SessionNotCreatedException: session not created: This version of ChromeDriver only supports Chrome version 106
Current browser version is 108.0.5359.96 with binary path C:\Program Files (x86)\Google\Chrome\Application\chrome.exe
Build info: version: '3.7.1', revision: '8a0099a', time: '2017-11-06T21:01:39.354Z'
System info: host: 'VINYA', ip: '10.10.60.216', os.name: 'Windows 8.1', os.arch: 'amd64', os.version: '6.3', java.version: '17'
Driver info: driver.version: ChromeDriver
remote stacktrace: Backtrace:
Ordinal0 [0x01111353+2233171]
Ordinal0 [0x010A8E31+1805873]
Ordinal0 [0x00FB66FD+812797]
Ordinal0 [0x00FD8C6D+953453]
Ordinal0 [0x00FD4200+934400]
Ordinal0 [0x00FD19C9+924105]
Ordinal0 [0x0100806C+1146988]
Ordinal0 [0x01007A6A+1145450]
Ordinal0 [0x010018A6+1120422]
Ordinal0 [0x00FDA73D+960317]
Ordinal0 [0x00FDB71F+964383]
GetHandleVerifier [0x013BA2C2+2728322]
GetHandleVerifier [0x013AC184+2670660]
GetHandleVerifier [0x011A102A+528106]
GetHandleVerifier [0x0119FE10+523472]
Ordinal0 [0x010B028C+1835660]
Ordinal0 [0x010B4758+1853272]
Ordinal0 [0x010B4845+1853509]
Ordinal0 [0x010BE7E4+1894372]
BaseThreadInitThunk [0x75E36A14+36]
RtlInitializeExceptionChain [0x7777A9FF+143]
RtlInitializeExceptionChain [0x7777A9CA+90]

at org.openqa.selenium.remote.W3CHandshakeResponse.lambda$new$0(W3CHandshakeResponse.java:57)
at org.openqa.selenium.remote.W3CHandshakeResponse.lambda$getResponseFunction$2(W3CHandshakeResponse.java:104)
at org.openqa.selenium.remote.ProtocolHandshake.lambda$createSession$0(ProtocolHandshake.java:123)
at java.base/java.util.stream.ReferencePipeline$3$1.accept(ReferencePipeline.java:197)
at java.base/java.util.Spliterators$ArraySpliterator.tryAdvance(Spliterators.java:1002)
at java.base/java.util.stream.ReferencePipeline.forEachWithCancel(ReferencePipeline.java:129)
at java.base/java.util.stream.AbstractPipeline.copyIntoWithCancel(AbstractPipeline.java:527)
at java.base/java.util.stream.AbstractPipeline.copyInto(AbstractPipeline.java:513)
at java.base/java.util.stream.AbstractPipeline.wrapAndCopyInto(AbstractPipeline.java:499)
at java.base/java.util.stream.FindOps$FindOp.evaluateSequential(FindOps.java:150)
at java.base/java.util.stream.AbstractPipeline.evaluate(AbstractPipeline.java:234)
at java.base/java.util.stream.ReferencePipeline.findFirst(ReferencePipeline.java:647)
at org.openqa.selenium.remote.ProtocolHandshake.createSession(ProtocolHandshake.java:126)
at org.openqa.selenium.remote.ProtocolHandshake.createSession(ProtocolHandshake.java:73)
at org.openqa.selenium.remote.HttpCommandExecutor.execute(HttpCommandExecutor.java:142)
at org.openqa.selenium.remote.service.DriverCommandExecutor.execute(DriverCommandExecutor.java:83)
at org.openqa.selenium.remote.RemoteWebDriver.execute(RemoteWebDriver.java:600)
at org.openqa.selenium.remote.RemoteWebDriver.startSession(RemoteWebDriver.java:219)
at org.openqa.selenium.remote.RemoteWebDriver.<init>(RemoteWebDriver.java:142)
at org.openqa.selenium.chrome.ChromeDriver.<init>(ChromeDriver.java:181)
at org.openqa.selenium.chrome.ChromeDriver.<init>(ChromeDriver.java:168)
at org.openqa.selenium.chrome.ChromeDriver.<init>(ChromeDriver.java:123)
at elftraining.HyundaiTest.hyundai(HyundaiTest.java:14)
at java.base/java.util.ArrayList.forEach(ArrayList.java:1511)
... Removed 32 stack frames]]>
    </failure>
  </testcase> <!-- hyundai -->
  <testcase classname="elftraining.SuzukiTest" name="suzuki" time="1.409">
    <failure type="org.openqa.selenium.SessionNotCreatedException" message="session not created: This version of ChromeDriver only supports Chrome version 106
Current browser version is 108.0.5359.96 with binary path C:\Program Files (x86)\Google\Chrome\Application\chrome.exe
Build info: version: &amp;apos;3.7.1&amp;apos;, revision: &amp;apos;8a0099a&amp;apos;, time: &amp;apos;2017-11-06T21:01:39.354Z&amp;apos;
System info: host: &amp;apos;VINYA&amp;apos;, ip: &amp;apos;10.10.60.216&amp;apos;, os.name: &amp;apos;Windows 8.1&amp;apos;, os.arch: &amp;apos;amd64&amp;apos;, os.version: &amp;apos;6.3&amp;apos;, java.version: &amp;apos;17&amp;apos;
Driver info: driver.version: ChromeDriver
remote stacktrace: Backtrace:
	Ordinal0 [0x01111353+2233171]
	Ordinal0 [0x010A8E31+1805873]
	Ordinal0 [0x00FB66FD+812797]
	Ordinal0 [0x00FD8C6D+953453]
	Ordinal0 [0x00FD4200+934400]
	Ordinal0 [0x00FD19C9+924105]
	Ordinal0 [0x0100806C+1146988]
	Ordinal0 [0x01007A6A+1145450]
	Ordinal0 [0x010018A6+1120422]
	Ordinal0 [0x00FDA73D+960317]
	Ordinal0 [0x00FDB71F+964383]
	GetHandleVerifier [0x013BA2C2+2728322]
	GetHandleVerifier [0x013AC184+2670660]
	GetHandleVerifier [0x011A102A+528106]
	GetHandleVerifier [0x0119FE10+523472]
	Ordinal0 [0x010B028C+1835660]
	Ordinal0 [0x010B4758+1853272]
	Ordinal0 [0x010B4845+1853509]
	Ordinal0 [0x010BE7E4+1894372]
	BaseThreadInitThunk [0x75E36A14+36]
	RtlInitializeExceptionChain [0x7777A9FF+143]
	RtlInitializeExceptionChain [0x7777A9CA+90]
">
      <![CDATA[org.openqa.selenium.SessionNotCreatedException: session not created: This version of ChromeDriver only supports Chrome version 106
Current browser version is 108.0.5359.96 with binary path C:\Program Files (x86)\Google\Chrome\Application\chrome.exe
Build info: version: '3.7.1', revision: '8a0099a', time: '2017-11-06T21:01:39.354Z'
System info: host: 'VINYA', ip: '10.10.60.216', os.name: 'Windows 8.1', os.arch: 'amd64', os.version: '6.3', java.version: '17'
Driver info: driver.version: ChromeDriver
remote stacktrace: Backtrace:
Ordinal0 [0x01111353+2233171]
Ordinal0 [0x010A8E31+1805873]
Ordinal0 [0x00FB66FD+812797]
Ordinal0 [0x00FD8C6D+953453]
Ordinal0 [0x00FD4200+934400]
Ordinal0 [0x00FD19C9+924105]
Ordinal0 [0x0100806C+1146988]
Ordinal0 [0x01007A6A+1145450]
Ordinal0 [0x010018A6+1120422]
Ordinal0 [0x00FDA73D+960317]
Ordinal0 [0x00FDB71F+964383]
GetHandleVerifier [0x013BA2C2+2728322]
GetHandleVerifier [0x013AC184+2670660]
GetHandleVerifier [0x011A102A+528106]
GetHandleVerifier [0x0119FE10+523472]
Ordinal0 [0x010B028C+1835660]
Ordinal0 [0x010B4758+1853272]
Ordinal0 [0x010B4845+1853509]
Ordinal0 [0x010BE7E4+1894372]
BaseThreadInitThunk [0x75E36A14+36]
RtlInitializeExceptionChain [0x7777A9FF+143]
RtlInitializeExceptionChain [0x7777A9CA+90]

at org.openqa.selenium.remote.W3CHandshakeResponse.lambda$new$0(W3CHandshakeResponse.java:57)
at org.openqa.selenium.remote.W3CHandshakeResponse.lambda$getResponseFunction$2(W3CHandshakeResponse.java:104)
at org.openqa.selenium.remote.ProtocolHandshake.lambda$createSession$0(ProtocolHandshake.java:123)
at java.base/java.util.stream.ReferencePipeline$3$1.accept(ReferencePipeline.java:197)
at java.base/java.util.Spliterators$ArraySpliterator.tryAdvance(Spliterators.java:1002)
at java.base/java.util.stream.ReferencePipeline.forEachWithCancel(ReferencePipeline.java:129)
at java.base/java.util.stream.AbstractPipeline.copyIntoWithCancel(AbstractPipeline.java:527)
at java.base/java.util.stream.AbstractPipeline.copyInto(AbstractPipeline.java:513)
at java.base/java.util.stream.AbstractPipeline.wrapAndCopyInto(AbstractPipeline.java:499)
at java.base/java.util.stream.FindOps$FindOp.evaluateSequential(FindOps.java:150)
at java.base/java.util.stream.AbstractPipeline.evaluate(AbstractPipeline.java:234)
at java.base/java.util.stream.ReferencePipeline.findFirst(ReferencePipeline.java:647)
at org.openqa.selenium.remote.ProtocolHandshake.createSession(ProtocolHandshake.java:126)
at org.openqa.selenium.remote.ProtocolHandshake.createSession(ProtocolHandshake.java:73)
at org.openqa.selenium.remote.HttpCommandExecutor.execute(HttpCommandExecutor.java:142)
at org.openqa.selenium.remote.service.DriverCommandExecutor.execute(DriverCommandExecutor.java:83)
at org.openqa.selenium.remote.RemoteWebDriver.execute(RemoteWebDriver.java:600)
at org.openqa.selenium.remote.RemoteWebDriver.startSession(RemoteWebDriver.java:219)
at org.openqa.selenium.remote.RemoteWebDriver.<init>(RemoteWebDriver.java:142)
at org.openqa.selenium.chrome.ChromeDriver.<init>(ChromeDriver.java:181)
at org.openqa.selenium.chrome.ChromeDriver.<init>(ChromeDriver.java:168)
at org.openqa.selenium.chrome.ChromeDriver.<init>(ChromeDriver.java:123)
at elftraining.SuzukiTest.suzuki(SuzukiTest.java:14)
at java.base/java.util.ArrayList.forEach(ArrayList.java:1511)
... Removed 32 stack frames]]>
    </failure>
  </testcase> <!-- suzuki -->
  <testcase classname="elftraining.MahindraTest" name="mahindra" time="1.388">
    <failure type="org.openqa.selenium.SessionNotCreatedException" message="session not created: This version of ChromeDriver only supports Chrome version 106
Current browser version is 108.0.5359.96 with binary path C:\Program Files (x86)\Google\Chrome\Application\chrome.exe
Build info: version: &amp;apos;3.7.1&amp;apos;, revision: &amp;apos;8a0099a&amp;apos;, time: &amp;apos;2017-11-06T21:01:39.354Z&amp;apos;
System info: host: &amp;apos;VINYA&amp;apos;, ip: &amp;apos;10.10.60.216&amp;apos;, os.name: &amp;apos;Windows 8.1&amp;apos;, os.arch: &amp;apos;amd64&amp;apos;, os.version: &amp;apos;6.3&amp;apos;, java.version: &amp;apos;17&amp;apos;
Driver info: driver.version: ChromeDriver
remote stacktrace: Backtrace:
	Ordinal0 [0x01111353+2233171]
	Ordinal0 [0x010A8E31+1805873]
	Ordinal0 [0x00FB66FD+812797]
	Ordinal0 [0x00FD8C6D+953453]
	Ordinal0 [0x00FD4200+934400]
	Ordinal0 [0x00FD19C9+924105]
	Ordinal0 [0x0100806C+1146988]
	Ordinal0 [0x01007A6A+1145450]
	Ordinal0 [0x010018A6+1120422]
	Ordinal0 [0x00FDA73D+960317]
	Ordinal0 [0x00FDB71F+964383]
	GetHandleVerifier [0x013BA2C2+2728322]
	GetHandleVerifier [0x013AC184+2670660]
	GetHandleVerifier [0x011A102A+528106]
	GetHandleVerifier [0x0119FE10+523472]
	Ordinal0 [0x010B028C+1835660]
	Ordinal0 [0x010B4758+1853272]
	Ordinal0 [0x010B4845+1853509]
	Ordinal0 [0x010BE7E4+1894372]
	BaseThreadInitThunk [0x75E36A14+36]
	RtlInitializeExceptionChain [0x7777A9FF+143]
	RtlInitializeExceptionChain [0x7777A9CA+90]
">
      <![CDATA[org.openqa.selenium.SessionNotCreatedException: session not created: This version of ChromeDriver only supports Chrome version 106
Current browser version is 108.0.5359.96 with binary path C:\Program Files (x86)\Google\Chrome\Application\chrome.exe
Build info: version: '3.7.1', revision: '8a0099a', time: '2017-11-06T21:01:39.354Z'
System info: host: 'VINYA', ip: '10.10.60.216', os.name: 'Windows 8.1', os.arch: 'amd64', os.version: '6.3', java.version: '17'
Driver info: driver.version: ChromeDriver
remote stacktrace: Backtrace:
Ordinal0 [0x01111353+2233171]
Ordinal0 [0x010A8E31+1805873]
Ordinal0 [0x00FB66FD+812797]
Ordinal0 [0x00FD8C6D+953453]
Ordinal0 [0x00FD4200+934400]
Ordinal0 [0x00FD19C9+924105]
Ordinal0 [0x0100806C+1146988]
Ordinal0 [0x01007A6A+1145450]
Ordinal0 [0x010018A6+1120422]
Ordinal0 [0x00FDA73D+960317]
Ordinal0 [0x00FDB71F+964383]
GetHandleVerifier [0x013BA2C2+2728322]
GetHandleVerifier [0x013AC184+2670660]
GetHandleVerifier [0x011A102A+528106]
GetHandleVerifier [0x0119FE10+523472]
Ordinal0 [0x010B028C+1835660]
Ordinal0 [0x010B4758+1853272]
Ordinal0 [0x010B4845+1853509]
Ordinal0 [0x010BE7E4+1894372]
BaseThreadInitThunk [0x75E36A14+36]
RtlInitializeExceptionChain [0x7777A9FF+143]
RtlInitializeExceptionChain [0x7777A9CA+90]

at org.openqa.selenium.remote.W3CHandshakeResponse.lambda$new$0(W3CHandshakeResponse.java:57)
at org.openqa.selenium.remote.W3CHandshakeResponse.lambda$getResponseFunction$2(W3CHandshakeResponse.java:104)
at org.openqa.selenium.remote.ProtocolHandshake.lambda$createSession$0(ProtocolHandshake.java:123)
at java.base/java.util.stream.ReferencePipeline$3$1.accept(ReferencePipeline.java:197)
at java.base/java.util.Spliterators$ArraySpliterator.tryAdvance(Spliterators.java:1002)
at java.base/java.util.stream.ReferencePipeline.forEachWithCancel(ReferencePipeline.java:129)
at java.base/java.util.stream.AbstractPipeline.copyIntoWithCancel(AbstractPipeline.java:527)
at java.base/java.util.stream.AbstractPipeline.copyInto(AbstractPipeline.java:513)
at java.base/java.util.stream.AbstractPipeline.wrapAndCopyInto(AbstractPipeline.java:499)
at java.base/java.util.stream.FindOps$FindOp.evaluateSequential(FindOps.java:150)
at java.base/java.util.stream.AbstractPipeline.evaluate(AbstractPipeline.java:234)
at java.base/java.util.stream.ReferencePipeline.findFirst(ReferencePipeline.java:647)
at org.openqa.selenium.remote.ProtocolHandshake.createSession(ProtocolHandshake.java:126)
at org.openqa.selenium.remote.ProtocolHandshake.createSession(ProtocolHandshake.java:73)
at org.openqa.selenium.remote.HttpCommandExecutor.execute(HttpCommandExecutor.java:142)
at org.openqa.selenium.remote.service.DriverCommandExecutor.execute(DriverCommandExecutor.java:83)
at org.openqa.selenium.remote.RemoteWebDriver.execute(RemoteWebDriver.java:600)
at org.openqa.selenium.remote.RemoteWebDriver.startSession(RemoteWebDriver.java:219)
at org.openqa.selenium.remote.RemoteWebDriver.<init>(RemoteWebDriver.java:142)
at org.openqa.selenium.chrome.ChromeDriver.<init>(ChromeDriver.java:181)
at org.openqa.selenium.chrome.ChromeDriver.<init>(ChromeDriver.java:168)
at org.openqa.selenium.chrome.ChromeDriver.<init>(ChromeDriver.java:123)
at elftraining.MahindraTest.mahindra(MahindraTest.java:14)
at java.base/java.util.ArrayList.forEach(ArrayList.java:1511)
... Removed 32 stack frames]]>
    </failure>
  </testcase> <!-- mahindra -->
  <testcase classname="elftraining.SkodaTest" name="Skoda" time="1.686">
    <failure type="org.openqa.selenium.SessionNotCreatedException" message="session not created: This version of ChromeDriver only supports Chrome version 106
Current browser version is 108.0.5359.96 with binary path C:\Program Files (x86)\Google\Chrome\Application\chrome.exe
Build info: version: &amp;apos;3.7.1&amp;apos;, revision: &amp;apos;8a0099a&amp;apos;, time: &amp;apos;2017-11-06T21:01:39.354Z&amp;apos;
System info: host: &amp;apos;VINYA&amp;apos;, ip: &amp;apos;10.10.60.216&amp;apos;, os.name: &amp;apos;Windows 8.1&amp;apos;, os.arch: &amp;apos;amd64&amp;apos;, os.version: &amp;apos;6.3&amp;apos;, java.version: &amp;apos;17&amp;apos;
Driver info: driver.version: ChromeDriver
remote stacktrace: Backtrace:
	Ordinal0 [0x01111353+2233171]
	Ordinal0 [0x010A8E31+1805873]
	Ordinal0 [0x00FB66FD+812797]
	Ordinal0 [0x00FD8C6D+953453]
	Ordinal0 [0x00FD4200+934400]
	Ordinal0 [0x00FD19C9+924105]
	Ordinal0 [0x0100806C+1146988]
	Ordinal0 [0x01007A6A+1145450]
	Ordinal0 [0x010018A6+1120422]
	Ordinal0 [0x00FDA73D+960317]
	Ordinal0 [0x00FDB71F+964383]
	GetHandleVerifier [0x013BA2C2+2728322]
	GetHandleVerifier [0x013AC184+2670660]
	GetHandleVerifier [0x011A102A+528106]
	GetHandleVerifier [0x0119FE10+523472]
	Ordinal0 [0x010B028C+1835660]
	Ordinal0 [0x010B4758+1853272]
	Ordinal0 [0x010B4845+1853509]
	Ordinal0 [0x010BE7E4+1894372]
	BaseThreadInitThunk [0x75E36A14+36]
	RtlInitializeExceptionChain [0x7777A9FF+143]
	RtlInitializeExceptionChain [0x7777A9CA+90]
">
      <![CDATA[org.openqa.selenium.SessionNotCreatedException: session not created: This version of ChromeDriver only supports Chrome version 106
Current browser version is 108.0.5359.96 with binary path C:\Program Files (x86)\Google\Chrome\Application\chrome.exe
Build info: version: '3.7.1', revision: '8a0099a', time: '2017-11-06T21:01:39.354Z'
System info: host: 'VINYA', ip: '10.10.60.216', os.name: 'Windows 8.1', os.arch: 'amd64', os.version: '6.3', java.version: '17'
Driver info: driver.version: ChromeDriver
remote stacktrace: Backtrace:
Ordinal0 [0x01111353+2233171]
Ordinal0 [0x010A8E31+1805873]
Ordinal0 [0x00FB66FD+812797]
Ordinal0 [0x00FD8C6D+953453]
Ordinal0 [0x00FD4200+934400]
Ordinal0 [0x00FD19C9+924105]
Ordinal0 [0x0100806C+1146988]
Ordinal0 [0x01007A6A+1145450]
Ordinal0 [0x010018A6+1120422]
Ordinal0 [0x00FDA73D+960317]
Ordinal0 [0x00FDB71F+964383]
GetHandleVerifier [0x013BA2C2+2728322]
GetHandleVerifier [0x013AC184+2670660]
GetHandleVerifier [0x011A102A+528106]
GetHandleVerifier [0x0119FE10+523472]
Ordinal0 [0x010B028C+1835660]
Ordinal0 [0x010B4758+1853272]
Ordinal0 [0x010B4845+1853509]
Ordinal0 [0x010BE7E4+1894372]
BaseThreadInitThunk [0x75E36A14+36]
RtlInitializeExceptionChain [0x7777A9FF+143]
RtlInitializeExceptionChain [0x7777A9CA+90]

at org.openqa.selenium.remote.W3CHandshakeResponse.lambda$new$0(W3CHandshakeResponse.java:57)
at org.openqa.selenium.remote.W3CHandshakeResponse.lambda$getResponseFunction$2(W3CHandshakeResponse.java:104)
at org.openqa.selenium.remote.ProtocolHandshake.lambda$createSession$0(ProtocolHandshake.java:123)
at java.base/java.util.stream.ReferencePipeline$3$1.accept(ReferencePipeline.java:197)
at java.base/java.util.Spliterators$ArraySpliterator.tryAdvance(Spliterators.java:1002)
at java.base/java.util.stream.ReferencePipeline.forEachWithCancel(ReferencePipeline.java:129)
at java.base/java.util.stream.AbstractPipeline.copyIntoWithCancel(AbstractPipeline.java:527)
at java.base/java.util.stream.AbstractPipeline.copyInto(AbstractPipeline.java:513)
at java.base/java.util.stream.AbstractPipeline.wrapAndCopyInto(AbstractPipeline.java:499)
at java.base/java.util.stream.FindOps$FindOp.evaluateSequential(FindOps.java:150)
at java.base/java.util.stream.AbstractPipeline.evaluate(AbstractPipeline.java:234)
at java.base/java.util.stream.ReferencePipeline.findFirst(ReferencePipeline.java:647)
at org.openqa.selenium.remote.ProtocolHandshake.createSession(ProtocolHandshake.java:126)
at org.openqa.selenium.remote.ProtocolHandshake.createSession(ProtocolHandshake.java:73)
at org.openqa.selenium.remote.HttpCommandExecutor.execute(HttpCommandExecutor.java:142)
at org.openqa.selenium.remote.service.DriverCommandExecutor.execute(DriverCommandExecutor.java:83)
at org.openqa.selenium.remote.RemoteWebDriver.execute(RemoteWebDriver.java:600)
at org.openqa.selenium.remote.RemoteWebDriver.startSession(RemoteWebDriver.java:219)
at org.openqa.selenium.remote.RemoteWebDriver.<init>(RemoteWebDriver.java:142)
at org.openqa.selenium.chrome.ChromeDriver.<init>(ChromeDriver.java:181)
at org.openqa.selenium.chrome.ChromeDriver.<init>(ChromeDriver.java:168)
at org.openqa.selenium.chrome.ChromeDriver.<init>(ChromeDriver.java:123)
at elftraining.SkodaTest.Skoda(SkodaTest.java:14)
at java.base/java.util.ArrayList.forEach(ArrayList.java:1511)
... Removed 32 stack frames]]>
    </failure>
  </testcase> <!-- Skoda -->
</testsuite> <!-- carsTest -->
